<?xml version="1.0" encoding="UTF-8"?>
<!-- Generated by org.testng.reporters.JUnitReportReporter -->
<testsuite hostname="JIM-TI8227" name="testscripts.BookSearch_Scenario_TC" tests="2" failures="0" timestamp="22 May 2016 05:41:46 GMT" time="27.697" errors="0">
  <testcase name="Invalid_Search_Test" time="13.095" classname="testscripts.BookSearch_Scenario_TC"/>
  <testcase name="Valid_Search_Test" time="14.602" classname="testscripts.BookSearch_Scenario_TC"/>
</testsuite> <!-- testscripts.BookSearch_Scenario_TC -->
