<?xml version="1.0" encoding="UTF-8"?>
<!-- Generated by org.testng.reporters.JUnitReportReporter -->
<testsuite hostname="JIM-TI8227" name="testscripts.Login_Scenario_TC" tests="3" failures="0" timestamp="22 May 2016 08:25:32 GMT" time="47.875" errors="0">
  <testcase name="Invalid_login_Test" time="13.815" classname="testscripts.Login_Scenario_TC"/>
  <testcase name="Invalid_login_Test" time="17.589" classname="testscripts.Login_Scenario_TC"/>
  <testcase name="Valid_login_Test" time="16.471" classname="testscripts.Login_Scenario_TC"/>
</testsuite> <!-- testscripts.Login_Scenario_TC -->
